<testsuite name="features.compare_repo.Compare Repositories" tests="2" errors="2" failures="0" skipped="0" time="0.008005" timestamp="2024-01-05T21:26:36.619892" hostname="DESKTOP-FHLCL6Q"><testcase classname="features.compare_repo.Compare Repositories" name="Successfully Compare Repositories" status="failed" time="0.003129"><error type="WebDriverException" message="Message: 'chromedriver' executable needs to be in PATH. Please see https://sites.google.com/a/chromium.org/chromedriver/home&#10;">
<![CDATA[
Failing step: Given I am on TestingBDD folder page ... failed in 0.003s
Location: tests/acceptance/features/compare_repo.feature:7
Traceback (most recent call last):
  File "C:\Users\Airlangga\AppData\Local\Programs\Python\Python311\Lib\site-packages\selenium\webdriver\common\service.py", line 72, in start
    self.process = subprocess.Popen(cmd, env=self.env,
                   ^^^^^^^^^^^^^^^^^^^^^^^^^^^^^^^^^^^
  File "C:\Users\Airlangga\AppData\Local\Programs\Python\Python311\Lib\subprocess.py", line 1026, in __init__
    self._execute_child(args, executable, preexec_fn, close_fds,
  File "C:\Users\Airlangga\AppData\Local\Programs\Python\Python311\Lib\subprocess.py", line 1538, in _execute_child
    hp, ht, pid, tid = _winapi.CreateProcess(executable, args,
                       ^^^^^^^^^^^^^^^^^^^^^^^^^^^^^^^^^^^^^^^
FileNotFoundError: [WinError 2] The system cannot find the file specified

During handling of the above exception, another exception occurred:

Traceback (most recent call last):
  File "C:\Users\Airlangga\AppData\Local\Programs\Python\Python311\Lib\site-packages\behave\model.py", line 1329, in run
    match.run(runner.context)
  File "C:\Users\Airlangga\AppData\Local\Programs\Python\Python311\Lib\site-packages\behave\matchers.py", line 98, in run
    self.func(context, *args, **kwargs)
  File "tests\acceptance\steps\add_repo.py", line 12, in step_impl
    context.browser = webdriver.Chrome()
                      ^^^^^^^^^^^^^^^^^^
  File "C:\Users\Airlangga\AppData\Local\Programs\Python\Python311\Lib\site-packages\selenium\webdriver\chrome\webdriver.py", line 73, in __init__
    self.service.start()
  File "C:\Users\Airlangga\AppData\Local\Programs\Python\Python311\Lib\site-packages\selenium\webdriver\common\service.py", line 81, in start
    raise WebDriverException(
selenium.common.exceptions.WebDriverException: Message: 'chromedriver' executable needs to be in PATH. Please see https://sites.google.com/a/chromium.org/chromedriver/home

]]>
</error><system-out>
<![CDATA[
@scenario.begin
  Scenario: Successfully Compare Repositories
    Given I am on TestingBDD folder page ... failed in 0.003s
    And folder TestingBDD has at least two repositories added ... skipped in 0.000s
    When I press the Compare button ... skipped in 0.000s
    Then I should be redirected to Comparison Repositories Page ... skipped in 0.000s

@scenario.end
--------------------------------------------------------------------------------
]]>
</system-out></testcase><testcase classname="features.compare_repo.Compare Repositories" name="Failed to Compare Repositories" status="failed" time="0.004876"><error type="WebDriverException" message="Message: 'chromedriver' executable needs to be in PATH. Please see https://sites.google.com/a/chromium.org/chromedriver/home&#10;">
<![CDATA[
Failing step: Given I am on TestingBDD folder page ... failed in 0.005s
Location: tests/acceptance/features/compare_repo.feature:13
Traceback (most recent call last):
  File "C:\Users\Airlangga\AppData\Local\Programs\Python\Python311\Lib\site-packages\selenium\webdriver\common\service.py", line 72, in start
    self.process = subprocess.Popen(cmd, env=self.env,
                   ^^^^^^^^^^^^^^^^^^^^^^^^^^^^^^^^^^^
  File "C:\Users\Airlangga\AppData\Local\Programs\Python\Python311\Lib\subprocess.py", line 1026, in __init__
    self._execute_child(args, executable, preexec_fn, close_fds,
  File "C:\Users\Airlangga\AppData\Local\Programs\Python\Python311\Lib\subprocess.py", line 1538, in _execute_child
    hp, ht, pid, tid = _winapi.CreateProcess(executable, args,
                       ^^^^^^^^^^^^^^^^^^^^^^^^^^^^^^^^^^^^^^^
FileNotFoundError: [WinError 2] The system cannot find the file specified

During handling of the above exception, another exception occurred:

Traceback (most recent call last):
  File "C:\Users\Airlangga\AppData\Local\Programs\Python\Python311\Lib\site-packages\behave\model.py", line 1329, in run
    match.run(runner.context)
  File "C:\Users\Airlangga\AppData\Local\Programs\Python\Python311\Lib\site-packages\behave\matchers.py", line 98, in run
    self.func(context, *args, **kwargs)
  File "tests\acceptance\steps\add_repo.py", line 12, in step_impl
    context.browser = webdriver.Chrome()
                      ^^^^^^^^^^^^^^^^^^
  File "C:\Users\Airlangga\AppData\Local\Programs\Python\Python311\Lib\site-packages\selenium\webdriver\chrome\webdriver.py", line 73, in __init__
    self.service.start()
  File "C:\Users\Airlangga\AppData\Local\Programs\Python\Python311\Lib\site-packages\selenium\webdriver\common\service.py", line 81, in start
    raise WebDriverException(
selenium.common.exceptions.WebDriverException: Message: 'chromedriver' executable needs to be in PATH. Please see https://sites.google.com/a/chromium.org/chromedriver/home

]]>
</error><system-out>
<![CDATA[
@scenario.begin
  Scenario: Failed to Compare Repositories
    Given I am on TestingBDD folder page ... failed in 0.005s
    And folder TestingBDD has less than two repositories ... skipped in 0.000s
    When I press the Compare button ... skipped in 0.000s
    Then I should see an error message Failed to Retrieve Data from GitHub API ... skipped in 0.000s

@scenario.end
--------------------------------------------------------------------------------
]]>
</system-out></testcase></testsuite>